<?xml version="1.0" encoding="UTF-8"?>
<!-- Generated by org.testng.reporters.JUnitReportReporter -->
<testsuite skipped="0" hostname="ATMECSINLT-404" name="com.atmecs.blazedemo_automation.DemoBlazelogin" tests="1" failures="0" timestamp="2020-10-03T12:36:59 IST" time="12.348" errors="0">
  <testcase name="login" time="12.348" classname="com.atmecs.blazedemo_automation.DemoBlazelogin"/>
  <system-out/>
</testsuite> <!-- com.atmecs.blazedemo_automation.DemoBlazelogin -->
