<?xml version="1.0" encoding="UTF-8"?>
<!-- Generated by org.testng.reporters.JUnitReportReporter -->
<testsuite skipped="2" hostname="ATMECSINLT-404" name="com.atmecs.blazedemo.SignUpTest" tests="2" failures="0" timestamp="2020-10-10T22:16:57 IST" time="0.000" errors="0">
  <testcase name="blazeSignUp" time="0.000" classname="com.atmecs.blazedemo.SignUpTest">
    <skipped/>
  </testcase> <!-- blazeSignUp -->
  <system-out/>
  <testcase name="blazeSignUp" time="0.000" classname="com.atmecs.blazedemo.SignUpTest">
    <skipped/>
  </testcase> <!-- blazeSignUp -->
  <system-out/>
</testsuite> <!-- com.atmecs.blazedemo.SignUpTest -->
