<?xml version="1.0" encoding="UTF-8"?>
<!-- Generated by org.testng.reporters.JUnitReportReporter -->
<testsuite skipped="0" hostname="ATMECSINLT-404" name="com.atmecs.blazedemo.Multiplesheets" tests="2" failures="0" timestamp="2020-10-20T12:07:30 IST" time="20.020" errors="0">
  <testcase name="blazeSignUp" time="12.419" classname="com.atmecs.blazedemo.Multiplesheets"/>
  <system-out/>
  <testcase name="blazeSignUp" time="7.601" classname="com.atmecs.blazedemo.Multiplesheets"/>
  <system-out/>
</testsuite> <!-- com.atmecs.blazedemo.Multiplesheets -->
