<?xml version="1.0" encoding="UTF-8"?>
<!-- Generated by org.testng.reporters.JUnitReportReporter -->
<testsuite skipped="1" hostname="ATMECSINLT-404" name="com.atmecs.blazedemo_Paralleltest.DemoFirefoxtest" tests="1" failures="0" timestamp="2020-10-06T22:57:24 IST" time="0.000" errors="0">
  <testcase name="FirefoxTestMethod" time="0.000" classname="com.atmecs.blazedemo_Paralleltest.DemoFirefoxtest">
    <skipped/>
  </testcase> <!-- FirefoxTestMethod -->
  <system-out/>
</testsuite> <!-- com.atmecs.blazedemo_Paralleltest.DemoFirefoxtest -->
