<?xml version="1.0" encoding="UTF-8"?>
<!-- Generated by org.testng.reporters.JUnitReportReporter -->
<testsuite skipped="3" hostname="ATMECSINLT-404" name="com.atmecs.blazedemo.LoginTest" tests="4" failures="0" timestamp="2020-10-13T11:26:56 IST" time="4.949" errors="1">
  <testcase name="blazeLogin" time="0.000" classname="com.atmecs.blazedemo.LoginTest">
    <skipped/>
  </testcase> <!-- blazeLogin -->
  <system-out/>
  <testcase name="blazeLogin" time="0.000" classname="com.atmecs.blazedemo.LoginTest">
    <skipped/>
  </testcase> <!-- blazeLogin -->
  <system-out/>
  <testcase name="blazeLogin" time="0.000" classname="com.atmecs.blazedemo.LoginTest">
    <skipped/>
  </testcase> <!-- blazeLogin -->
  <system-out/>
  <testcase name="beforeTest" time="4.949" classname="com.atmecs.blazedemo.LoginTest">
    <error type="org.openqa.selenium.SessionNotCreatedException" message="session not created
from chrome not reachable
  (Session info: chrome=86.0.4240.75)
Build info: version: &#039;3.141.59&#039;, revision: &#039;e82be7d358&#039;, time: &#039;2018-11-14T08:17:03&#039;
System info: host: &#039;ATMECSINLT-404&#039;, ip: &#039;192.168.43.163&#039;, os.name: &#039;Windows 10&#039;, os.arch: &#039;amd64&#039;, os.version: &#039;10.0&#039;, java.version: &#039;1.8.0_241&#039;
Driver info: driver.version: ChromeDriver
remote stacktrace: Backtrace:
	Ordinal0 [0x00F3C013+3194899]
	Ordinal0 [0x00E26021+2056225]
	Ordinal0 [0x00CBF4B0+586928]
	Ordinal0 [0x00CB5894+546964]
	Ordinal0 [0x00CB5F2C+548652]
	Ordinal0 [0x00CB7175+553333]
	Ordinal0 [0x00CB241E+533534]
	Ordinal0 [0x00CC0620+591392]
	Ordinal0 [0x00C62A0C+207372]
	Ordinal0 [0x00C61D0D+204045]
	Ordinal0 [0x00C5FC1B+195611]
	Ordinal0 [0x00C43B7F+80767]
	Ordinal0 [0x00C44B4E+84814]
	Ordinal0 [0x00C44AD9+84697]
	Ordinal0 [0x00E3CE64+2149988]
	GetHandleVerifier [0x010ABE95+1400773]
	GetHandleVerifier [0x010ABB61+1399953]
	GetHandleVerifier [0x010B31FA+1430314]
	GetHandleVerifier [0x010AC69F+1402831]
	Ordinal0 [0x00E33D61+2112865]
	Ordinal0 [0x00E3E5CB+2155979]
	Ordinal0 [0x00E3E6F5+2156277]
	Ordinal0 [0x00E4F26E+2224750]
	BaseThreadInitThunk [0x75648494+36]
	RtlAreBitsSet [0x775541C8+136]
	RtlAreBitsSet [0x77554198+88]
">
      <![CDATA[org.openqa.selenium.SessionNotCreatedException: session not created
from chrome not reachable
  (Session info: chrome=86.0.4240.75)
Build info: version: '3.141.59', revision: 'e82be7d358', time: '2018-11-14T08:17:03'
System info: host: 'ATMECSINLT-404', ip: '192.168.43.163', os.name: 'Windows 10', os.arch: 'amd64', os.version: '10.0', java.version: '1.8.0_241'
Driver info: driver.version: ChromeDriver
remote stacktrace: Backtrace:
Ordinal0 [0x00F3C013+3194899]
Ordinal0 [0x00E26021+2056225]
Ordinal0 [0x00CBF4B0+586928]
Ordinal0 [0x00CB5894+546964]
Ordinal0 [0x00CB5F2C+548652]
Ordinal0 [0x00CB7175+553333]
Ordinal0 [0x00CB241E+533534]
Ordinal0 [0x00CC0620+591392]
Ordinal0 [0x00C62A0C+207372]
Ordinal0 [0x00C61D0D+204045]
Ordinal0 [0x00C5FC1B+195611]
Ordinal0 [0x00C43B7F+80767]
Ordinal0 [0x00C44B4E+84814]
Ordinal0 [0x00C44AD9+84697]
Ordinal0 [0x00E3CE64+2149988]
GetHandleVerifier [0x010ABE95+1400773]
GetHandleVerifier [0x010ABB61+1399953]
GetHandleVerifier [0x010B31FA+1430314]
GetHandleVerifier [0x010AC69F+1402831]
Ordinal0 [0x00E33D61+2112865]
Ordinal0 [0x00E3E5CB+2155979]
Ordinal0 [0x00E3E6F5+2156277]
Ordinal0 [0x00E4F26E+2224750]
BaseThreadInitThunk [0x75648494+36]
RtlAreBitsSet [0x775541C8+136]
RtlAreBitsSet [0x77554198+88]

at sun.reflect.NativeConstructorAccessorImpl.newInstance0(Native Method)
at sun.reflect.NativeConstructorAccessorImpl.newInstance(Unknown Source)
at sun.reflect.DelegatingConstructorAccessorImpl.newInstance(Unknown Source)
at java.lang.reflect.Constructor.newInstance(Unknown Source)
at org.openqa.selenium.remote.W3CHandshakeResponse.lambda$errorHandler$0(W3CHandshakeResponse.java:62)
at org.openqa.selenium.remote.HandshakeResponse.lambda$getResponseFunction$0(HandshakeResponse.java:30)
at org.openqa.selenium.remote.ProtocolHandshake.lambda$createSession$0(ProtocolHandshake.java:126)
at java.util.stream.ReferencePipeline$3$1.accept(Unknown Source)
at java.util.Spliterators$ArraySpliterator.tryAdvance(Unknown Source)
at java.util.stream.ReferencePipeline.forEachWithCancel(Unknown Source)
at java.util.stream.AbstractPipeline.copyIntoWithCancel(Unknown Source)
at java.util.stream.AbstractPipeline.copyInto(Unknown Source)
at java.util.stream.AbstractPipeline.wrapAndCopyInto(Unknown Source)
at java.util.stream.FindOps$FindOp.evaluateSequential(Unknown Source)
at java.util.stream.AbstractPipeline.evaluate(Unknown Source)
at java.util.stream.ReferencePipeline.findFirst(Unknown Source)
at org.openqa.selenium.remote.ProtocolHandshake.createSession(ProtocolHandshake.java:128)
at org.openqa.selenium.remote.ProtocolHandshake.createSession(ProtocolHandshake.java:74)
at org.openqa.selenium.remote.HttpCommandExecutor.execute(HttpCommandExecutor.java:136)
at org.openqa.selenium.remote.service.DriverCommandExecutor.execute(DriverCommandExecutor.java:83)
at org.openqa.selenium.remote.RemoteWebDriver.execute(RemoteWebDriver.java:552)
at org.openqa.selenium.remote.RemoteWebDriver.startSession(RemoteWebDriver.java:213)
at org.openqa.selenium.remote.RemoteWebDriver.<init>(RemoteWebDriver.java:131)
at org.openqa.selenium.chrome.ChromeDriver.<init>(ChromeDriver.java:181)
at org.openqa.selenium.chrome.ChromeDriver.<init>(ChromeDriver.java:168)
at org.openqa.selenium.chrome.ChromeDriver.<init>(ChromeDriver.java:123)
at com.atmecs.blazedemo.basetest.BaseTest.beforeTest(BaseTest.java:40)
at sun.reflect.NativeMethodAccessorImpl.invoke0(Native Method)
at sun.reflect.NativeMethodAccessorImpl.invoke(Unknown Source)
at sun.reflect.DelegatingMethodAccessorImpl.invoke(Unknown Source)
at java.lang.reflect.Method.invoke(Unknown Source)
at org.testng.internal.MethodInvocationHelper.invokeMethod(MethodInvocationHelper.java:135)
at org.testng.internal.MethodInvocationHelper.invokeMethodConsideringTimeout(MethodInvocationHelper.java:64)
at org.testng.internal.ConfigInvoker.invokeConfigurationMethod(ConfigInvoker.java:364)
at org.testng.internal.ConfigInvoker.invokeConfigurations(ConfigInvoker.java:318)
at org.testng.internal.TestInvoker.runConfigMethods(TestInvoker.java:700)
at org.testng.internal.TestInvoker.invokeMethod(TestInvoker.java:527)
at org.testng.internal.TestInvoker.invokeTestMethod(TestInvoker.java:174)
at org.testng.internal.MethodRunner.runInSequence(MethodRunner.java:46)
at org.testng.internal.TestInvoker$MethodInvocationAgent.invoke(TestInvoker.java:821)
at org.testng.internal.TestInvoker.invokeTestMethods(TestInvoker.java:147)
at org.testng.internal.TestMethodWorker.invokeTestMethods(TestMethodWorker.java:146)
at org.testng.internal.TestMethodWorker.run(TestMethodWorker.java:128)
at java.util.ArrayList.forEach(Unknown Source)
at org.testng.TestRunner.privateRun(TestRunner.java:767)
at org.testng.TestRunner.run(TestRunner.java:588)
at org.testng.SuiteRunner.runTest(SuiteRunner.java:384)
at org.testng.SuiteRunner.access$000(SuiteRunner.java:28)
at org.testng.SuiteRunner$SuiteWorker.run(SuiteRunner.java:425)
at org.testng.internal.thread.ThreadUtil.lambda$execute$0(ThreadUtil.java:68)
at java.util.concurrent.FutureTask.run(Unknown Source)
at java.util.concurrent.ThreadPoolExecutor.runWorker(Unknown Source)
at java.util.concurrent.ThreadPoolExecutor$Worker.run(Unknown Source)
at java.lang.Thread.run(Unknown Source)
]]>
    </error>
  </testcase> <!-- beforeTest -->
  <system-out/>
</testsuite> <!-- com.atmecs.blazedemo.LoginTest -->
